<?xml version="1.0" encoding="UTF-8"?>
<testsuite xmlns:xsi="http://www.w3.org/2001/XMLSchema-instance" xsi:noNamespaceSchemaLocation="https://maven.apache.org/surefire/maven-surefire-plugin/xsd/surefire-test-report.xsd" name="TestSuite" time="83.32" tests="4" errors="0" skipped="0" failures="0">
  <properties>
[...]
</properties>
  <testcase name="PageNavigation" classname="Academy1.homepage" time="32.528"/>
  <testcase name="PageNavigation" classname="Academy1.homepage" time="13.898"/>
  <testcase name="testApp" classname="Academy1.AppTest" time="0.005"/>
  <testcase name="PageNavigation" classname="Academy1.validation_homepage" time="0.61"/>
</testsuite>